Replace Part C52 CAP in D:\Repos\PCB\Extra_Board_Mini\Extra_Board_Mini\DIn.SchDoc with CAP from WarShip_ExtraBoard.IntLib
Replace Part C53 CAP in D:\Repos\PCB\Extra_Board_Mini\Extra_Board_Mini\DIn.SchDoc with CAP from WarShip_ExtraBoard.IntLib
Replace Part C54 CAP in D:\Repos\PCB\Extra_Board_Mini\Extra_Board_Mini\DIn.SchDoc with CAP from WarShip_ExtraBoard.IntLib
Replace Part C55 CAP in D:\Repos\PCB\Extra_Board_Mini\Extra_Board_Mini\DIn.SchDoc with CAP from WarShip_ExtraBoard.IntLib
Replace Part C56 CAP in D:\Repos\PCB\Extra_Board_Mini\Extra_Board_Mini\DIn.SchDoc with CAP from WarShip_ExtraBoard.IntLib
Replace Part C57 CAP in D:\Repos\PCB\Extra_Board_Mini\Extra_Board_Mini\DIn.SchDoc with CAP from WarShip_ExtraBoard.IntLib
Replace Part C58 CAP in D:\Repos\PCB\Extra_Board_Mini\Extra_Board_Mini\DIn.SchDoc with CAP from WarShip_ExtraBoard.IntLib
Replace Part C59 CAP in D:\Repos\PCB\Extra_Board_Mini\Extra_Board_Mini\DIn.SchDoc with CAP from WarShip_ExtraBoard.IntLib
Replace Part C60 CAP in D:\Repos\PCB\Extra_Board_Mini\Extra_Board_Mini\DIn.SchDoc with CAP from WarShip_ExtraBoard.IntLib
Replace Part C61 CAP in D:\Repos\PCB\Extra_Board_Mini\Extra_Board_Mini\DIn.SchDoc with CAP from WarShip_ExtraBoard.IntLib
Replace Part C62 CAP in D:\Repos\PCB\Extra_Board_Mini\Extra_Board_Mini\DIn.SchDoc with CAP from WarShip_ExtraBoard.IntLib
Replace Part C63 CAP in D:\Repos\PCB\Extra_Board_Mini\Extra_Board_Mini\DIn.SchDoc with CAP from WarShip_ExtraBoard.IntLib
Replace Part C64 CAP in D:\Repos\PCB\Extra_Board_Mini\Extra_Board_Mini\DIn.SchDoc with CAP from WarShip_ExtraBoard.IntLib
Replace Part C65 CAP in D:\Repos\PCB\Extra_Board_Mini\Extra_Board_Mini\DIn.SchDoc with CAP from WarShip_ExtraBoard.IntLib
Replace Part D2 DIODE in D:\Repos\PCB\Extra_Board_Mini\Extra_Board_Mini\DIn.SchDoc with DIODE from 常用元件原理图库.SchLib
Replace Part D3 DIODE in D:\Repos\PCB\Extra_Board_Mini\Extra_Board_Mini\DIn.SchDoc with DIODE from 常用元件原理图库.SchLib
Replace Part D4 DIODE in D:\Repos\PCB\Extra_Board_Mini\Extra_Board_Mini\DIn.SchDoc with DIODE from 常用元件原理图库.SchLib
Replace Part R25 RES1 in D:\Repos\PCB\Extra_Board_Mini\Extra_Board_Mini\DIn.SchDoc with RES1 from WarShip_ExtraBoard.IntLib
Replace Part R26 RES1 in D:\Repos\PCB\Extra_Board_Mini\Extra_Board_Mini\DIn.SchDoc with RES1 from WarShip_ExtraBoard.IntLib
Replace Part R27 RES1 in D:\Repos\PCB\Extra_Board_Mini\Extra_Board_Mini\DIn.SchDoc with RES1 from WarShip_ExtraBoard.IntLib
Replace Part R28 RES1 in D:\Repos\PCB\Extra_Board_Mini\Extra_Board_Mini\DIn.SchDoc with RES1 from WarShip_ExtraBoard.IntLib
Replace Part R29 RES1 in D:\Repos\PCB\Extra_Board_Mini\Extra_Board_Mini\DIn.SchDoc with RES1 from WarShip_ExtraBoard.IntLib
Replace Part R30 RES1 in D:\Repos\PCB\Extra_Board_Mini\Extra_Board_Mini\DIn.SchDoc with RES1 from WarShip_ExtraBoard.IntLib
Replace Part R31 RES1 in D:\Repos\PCB\Extra_Board_Mini\Extra_Board_Mini\DIn.SchDoc with RES1 from WarShip_ExtraBoard.IntLib
Replace Part R32 RES1 in D:\Repos\PCB\Extra_Board_Mini\Extra_Board_Mini\DIn.SchDoc with RES1 from WarShip_ExtraBoard.IntLib
Replace Part R33 RES1 in D:\Repos\PCB\Extra_Board_Mini\Extra_Board_Mini\DIn.SchDoc with RES1 from WarShip_ExtraBoard.IntLib
Replace Part R34 RES1 in D:\Repos\PCB\Extra_Board_Mini\Extra_Board_Mini\DIn.SchDoc with RES1 from WarShip_ExtraBoard.IntLib
Replace Part R35 RES1 in D:\Repos\PCB\Extra_Board_Mini\Extra_Board_Mini\DIn.SchDoc with RES1 from WarShip_ExtraBoard.IntLib
Replace Part R36 RES1 in D:\Repos\PCB\Extra_Board_Mini\Extra_Board_Mini\DIn.SchDoc with RES1 from WarShip_ExtraBoard.IntLib
Replace Part R37 RES1 in D:\Repos\PCB\Extra_Board_Mini\Extra_Board_Mini\DIn.SchDoc with RES1 from WarShip_ExtraBoard.IntLib
Replace Part R38 RES1 in D:\Repos\PCB\Extra_Board_Mini\Extra_Board_Mini\DIn.SchDoc with RES1 from WarShip_ExtraBoard.IntLib
Replace Part R39 RES1 in D:\Repos\PCB\Extra_Board_Mini\Extra_Board_Mini\DIn.SchDoc with RES1 from WarShip_ExtraBoard.IntLib
Replace Part R40 RES1 in D:\Repos\PCB\Extra_Board_Mini\Extra_Board_Mini\DIn.SchDoc with RES1 from WarShip_ExtraBoard.IntLib
Replace Part R41 RES1 in D:\Repos\PCB\Extra_Board_Mini\Extra_Board_Mini\DIn.SchDoc with RES1 from WarShip_ExtraBoard.IntLib
Replace Part R42 RES1 in D:\Repos\PCB\Extra_Board_Mini\Extra_Board_Mini\DIn.SchDoc with RES1 from WarShip_ExtraBoard.IntLib
Replace Part R43 RES1 in D:\Repos\PCB\Extra_Board_Mini\Extra_Board_Mini\DIn.SchDoc with RES1 from WarShip_ExtraBoard.IntLib
Replace Part R44 RES1 in D:\Repos\PCB\Extra_Board_Mini\Extra_Board_Mini\DIn.SchDoc with RES1 from WarShip_ExtraBoard.IntLib
Replace Part R45 RES1 in D:\Repos\PCB\Extra_Board_Mini\Extra_Board_Mini\DIn.SchDoc with RES1 from WarShip_ExtraBoard.IntLib
Replace Part R46 RES1 in D:\Repos\PCB\Extra_Board_Mini\Extra_Board_Mini\DIn.SchDoc with RES1 from WarShip_ExtraBoard.IntLib
Replace Part R47 RES1 in D:\Repos\PCB\Extra_Board_Mini\Extra_Board_Mini\DIn.SchDoc with RES1 from WarShip_ExtraBoard.IntLib
Replace Part R48 RES1 in D:\Repos\PCB\Extra_Board_Mini\Extra_Board_Mini\DIn.SchDoc with RES1 from WarShip_ExtraBoard.IntLib
Replace Part R49 RES1 in D:\Repos\PCB\Extra_Board_Mini\Extra_Board_Mini\DIn.SchDoc with RES1 from WarShip_ExtraBoard.IntLib
Replace Part R50 RES1 in D:\Repos\PCB\Extra_Board_Mini\Extra_Board_Mini\DIn.SchDoc with RES1 from WarShip_ExtraBoard.IntLib
Replace Part R51 RES1 in D:\Repos\PCB\Extra_Board_Mini\Extra_Board_Mini\DIn.SchDoc with RES1 from WarShip_ExtraBoard.IntLib
Replace Part R52 RES1 in D:\Repos\PCB\Extra_Board_Mini\Extra_Board_Mini\DIn.SchDoc with RES1 from WarShip_ExtraBoard.IntLib
Replace Part R53 RES1 in D:\Repos\PCB\Extra_Board_Mini\Extra_Board_Mini\DIn.SchDoc with RES1 from WarShip_ExtraBoard.IntLib
Replace Part R54 RES1 in D:\Repos\PCB\Extra_Board_Mini\Extra_Board_Mini\DIn.SchDoc with RES1 from WarShip_ExtraBoard.IntLib
Replace Part R55 RES1 in D:\Repos\PCB\Extra_Board_Mini\Extra_Board_Mini\DIn.SchDoc with RES1 from WarShip_ExtraBoard.IntLib
Replace Part R56 RES1 in D:\Repos\PCB\Extra_Board_Mini\Extra_Board_Mini\DIn.SchDoc with RES1 from WarShip_ExtraBoard.IntLib
Replace Part R57 RES1 in D:\Repos\PCB\Extra_Board_Mini\Extra_Board_Mini\DIn.SchDoc with RES1 from WarShip_ExtraBoard.IntLib
Replace Part R58 RES1 in D:\Repos\PCB\Extra_Board_Mini\Extra_Board_Mini\DIn.SchDoc with RES1 from WarShip_ExtraBoard.IntLib
Replace Part R59 RES1 in D:\Repos\PCB\Extra_Board_Mini\Extra_Board_Mini\DIn.SchDoc with RES1 from WarShip_ExtraBoard.IntLib
Replace Part R60 RES1 in D:\Repos\PCB\Extra_Board_Mini\Extra_Board_Mini\DIn.SchDoc with RES1 from WarShip_ExtraBoard.IntLib
Replace Part R61 RES1 in D:\Repos\PCB\Extra_Board_Mini\Extra_Board_Mini\DIn.SchDoc with RES1 from WarShip_ExtraBoard.IntLib
Replace Part R62 RES1 in D:\Repos\PCB\Extra_Board_Mini\Extra_Board_Mini\DIn.SchDoc with RES1 from WarShip_ExtraBoard.IntLib
Replace Part R63 RES1 in D:\Repos\PCB\Extra_Board_Mini\Extra_Board_Mini\DIn.SchDoc with RES1 from WarShip_ExtraBoard.IntLib
Replace Part R64 RES1 in D:\Repos\PCB\Extra_Board_Mini\Extra_Board_Mini\DIn.SchDoc with RES1 from WarShip_ExtraBoard.IntLib
Replace Part R65 RES1 in D:\Repos\PCB\Extra_Board_Mini\Extra_Board_Mini\DIn.SchDoc with RES1 from WarShip_ExtraBoard.IntLib
Replace Part TVS1 TVS in D:\Repos\PCB\Extra_Board_Mini\Extra_Board_Mini\DIn.SchDoc with TVS from WarShip_ExtraBoard.IntLib
Replace Part TVS2 TVS in D:\Repos\PCB\Extra_Board_Mini\Extra_Board_Mini\DIn.SchDoc with TVS from WarShip_ExtraBoard.IntLib
Replace Part TVS3 TVS in D:\Repos\PCB\Extra_Board_Mini\Extra_Board_Mini\DIn.SchDoc with TVS from WarShip_ExtraBoard.IntLib
Replace Part TVS4 TVS in D:\Repos\PCB\Extra_Board_Mini\Extra_Board_Mini\DIn.SchDoc with TVS from WarShip_ExtraBoard.IntLib
Replace Part TVS5 TVS in D:\Repos\PCB\Extra_Board_Mini\Extra_Board_Mini\DIn.SchDoc with TVS from WarShip_ExtraBoard.IntLib
Replace Part TVS6 TVS in D:\Repos\PCB\Extra_Board_Mini\Extra_Board_Mini\DIn.SchDoc with TVS from WarShip_ExtraBoard.IntLib
Replace Part TVS7 TVS in D:\Repos\PCB\Extra_Board_Mini\Extra_Board_Mini\DIn.SchDoc with TVS from WarShip_ExtraBoard.IntLib
Replace Part TVS8 TVS in D:\Repos\PCB\Extra_Board_Mini\Extra_Board_Mini\DIn.SchDoc with TVS from WarShip_ExtraBoard.IntLib
Replace Part TVS9 TVS in D:\Repos\PCB\Extra_Board_Mini\Extra_Board_Mini\DIn.SchDoc with TVS from WarShip_ExtraBoard.IntLib
Replace Part TVS10 TVS in D:\Repos\PCB\Extra_Board_Mini\Extra_Board_Mini\DIn.SchDoc with TVS from WarShip_ExtraBoard.IntLib
Replace Part TVS11 TVS in D:\Repos\PCB\Extra_Board_Mini\Extra_Board_Mini\DIn.SchDoc with TVS from WarShip_ExtraBoard.IntLib
Replace Part U17 PS8601 in D:\Repos\PCB\Extra_Board_Mini\Extra_Board_Mini\DIn.SchDoc with PS8601 from WarShip_ExtraBoard.IntLib
Replace Part U18 PS8601 in D:\Repos\PCB\Extra_Board_Mini\Extra_Board_Mini\DIn.SchDoc with PS8601 from WarShip_ExtraBoard.IntLib
Replace Part U19 PS8601 in D:\Repos\PCB\Extra_Board_Mini\Extra_Board_Mini\DIn.SchDoc with PS8601 from WarShip_ExtraBoard.IntLib
